c:\users\sba\source\repos\sketchpadgame\sketchpadgame\x64\release\vc143.pdb
c:\users\sba\source\repos\sketchpadgame\sketchpadgame\x64\release\timer.obj
c:\users\sba\source\repos\sketchpadgame\sketchpadgame\x64\release\texture.obj
c:\users\sba\source\repos\sketchpadgame\sketchpadgame\x64\release\shader.obj
c:\users\sba\source\repos\sketchpadgame\sketchpadgame\x64\release\resourcemanager.obj
c:\users\sba\source\repos\sketchpadgame\sketchpadgame\x64\release\scene.obj
c:\users\sba\source\repos\sketchpadgame\sketchpadgame\x64\release\main.obj
c:\users\sba\source\repos\sketchpadgame\sketchpadgame\x64\release\glcontext.obj
c:\users\sba\source\repos\sketchpadgame\sketchpadgame\x64\release\engine.obj
c:\users\sba\source\repos\sketchpadgame\sketchpadgame\x64\release\window.obj
c:\users\sba\source\repos\sketchpadgame\sketchpadgame\x64\release\mainpanel.obj
c:\users\sba\source\repos\sketchpadgame\sketchpadgame\x64\release\imgui_widgets.obj
c:\users\sba\source\repos\sketchpadgame\sketchpadgame\x64\release\imgui_tables.obj
c:\users\sba\source\repos\sketchpadgame\sketchpadgame\x64\release\imgui_impl_opengl3.obj
c:\users\sba\source\repos\sketchpadgame\sketchpadgame\x64\release\imgui_impl_glfw.obj
c:\users\sba\source\repos\sketchpadgame\sketchpadgame\x64\release\imgui_draw.obj
c:\users\sba\source\repos\sketchpadgame\sketchpadgame\x64\release\imgui_demo.obj
c:\users\sba\source\repos\sketchpadgame\sketchpadgame\x64\release\imgui.obj
c:\users\sba\source\repos\sketchpadgame\sketchpadgame\x64\release\uicontext.obj
c:\users\sba\source\repos\sketchpadgame\sketchpadgame\x64\release\inputmanager.obj
c:\users\sba\source\repos\sketchpadgame\x64\release\sketchpadgame.exe
c:\users\sba\source\repos\sketchpadgame\sketchpadgame\x64\release\sketchpadgame.ipdb
c:\users\sba\source\repos\sketchpadgame\x64\release\sketchpadgame.pdb
c:\users\sba\source\repos\sketchpadgame\sketchpadgame\x64\release\sketchpadgame.iobj
c:\users\sba\source\repos\sketchpadgame\sketchpadgame\x64\release\sketchpadgame.tlog\cl.command.1.tlog
c:\users\sba\source\repos\sketchpadgame\sketchpadgame\x64\release\sketchpadgame.tlog\cl.read.1.tlog
c:\users\sba\source\repos\sketchpadgame\sketchpadgame\x64\release\sketchpadgame.tlog\cl.write.1.tlog
c:\users\sba\source\repos\sketchpadgame\sketchpadgame\x64\release\sketchpadgame.tlog\link.command.1.tlog
c:\users\sba\source\repos\sketchpadgame\sketchpadgame\x64\release\sketchpadgame.tlog\link.read.1.tlog
c:\users\sba\source\repos\sketchpadgame\sketchpadgame\x64\release\sketchpadgame.tlog\link.write.1.tlog
